<?xml version="1.0" encoding="UTF-8"?>
<!-- Generated by org.testng.reporters.JUnitXMLReporter -->
<testsuite ignored="27" hostname="LAPTOP-47M3800Q" failures="0" tests="1" name="Smoke-Test" time="13.584" errors="0" timestamp="22 Jun 2018 18:23:00 GMT">
  <testcase classname="auto.testcases.TestAlert" name="testClickForJSAlert" time="2.341"/>
  <testcase classname="auto.testcases.TestContextMenuPage" name="testChallengingPage" time="0.0">
    <ignored/>
  </testcase> <!-- testChallengingPage -->
  <testcase classname="auto.testcases.TestLargeDeepDOM" name="testLargeDeepDOM" time="0.0">
    <ignored/>
  </testcase> <!-- testLargeDeepDOM -->
  <testcase classname="auto.testcases.TestDynamicLoadings" name="testDynamicLoadingsRender" time="0.0">
    <ignored/>
  </testcase> <!-- testDynamicLoadingsRender -->
  <testcase classname="auto.testcases.TestAlert" name="testClickForJSPrompt" time="0.0">
    <ignored/>
  </testcase> <!-- testClickForJSPrompt -->
  <testcase classname="auto.testcases.TestFrame" name="testFrame" time="0.0">
    <ignored/>
  </testcase> <!-- testFrame -->
  <testcase classname="auto.testcases.TestLogin" name="testLogin" time="0.0">
    <ignored/>
  </testcase> <!-- testLogin -->
  <testcase classname="auto.testcases.TestDynamicControls" name="testDynamicControlsAdd" time="0.0">
    <ignored/>
  </testcase> <!-- testDynamicControlsAdd -->
  <testcase classname="auto.testcases.TestHover" name="testFrame" time="0.0">
    <ignored/>
  </testcase> <!-- testFrame -->
  <testcase classname="auto.testcases.TestMultipleWindows" name="testFrame" time="0.0">
    <ignored/>
  </testcase> <!-- testFrame -->
  <testcase classname="auto.testcases.TestDropdownPage" name="testDropdownPage" time="0.0">
    <ignored/>
  </testcase> <!-- testDropdownPage -->
  <testcase classname="auto.testcases.TestCheckboxPage" name="testCheckboxPage" time="0.0">
    <ignored/>
  </testcase> <!-- testCheckboxPage -->
  <testcase classname="auto.testcases.TestDragAndDrop" name="testDragAndDrop" time="0.0">
    <ignored/>
  </testcase> <!-- testDragAndDrop -->
  <testcase classname="auto.testcases.TestDisappearingElementsPage" name="testChallengingPage" time="0.0">
    <ignored/>
  </testcase> <!-- testChallengingPage -->
  <testcase classname="auto.testcases.TestAlert" name="testClickForJSConfirm" time="0.0">
    <ignored/>
  </testcase> <!-- testClickForJSConfirm -->
  <testcase classname="auto.testcases.TestDynamicLoadings" name="testDynamicLoadingsHidden" time="0.0">
    <ignored/>
  </testcase> <!-- testDynamicLoadingsHidden -->
  <testcase classname="auto.testcases.TestCheckboxPage" name="testCheckboxViaSmartWay" time="0.0">
    <ignored/>
  </testcase> <!-- testCheckboxViaSmartWay -->
  <testcase classname="auto.testcases.TestFileUploader" name="testFrame" time="0.0">
    <ignored/>
  </testcase> <!-- testFrame -->
  <testcase classname="auto.testcases.TestHorizontalSlider" name="testFrame" time="0.0">
    <ignored/>
  </testcase> <!-- testFrame -->
  <testcase classname="auto.testcases.TestFrame" name="testIFrame" time="0.0">
    <ignored/>
  </testcase> <!-- testIFrame -->
  <testcase classname="auto.testcases.TestCheckboxPage" name="testToSelectAllCheckboxes" time="0.0">
    <ignored/>
  </testcase> <!-- testToSelectAllCheckboxes -->
  <testcase classname="auto.testcases.TestInfiniteScroll" name="testFrame" time="0.0">
    <ignored/>
  </testcase> <!-- testFrame -->
  <testcase classname="auto.testcases.TestKeyPresses" name="testKeyPresses" time="0.0">
    <ignored/>
  </testcase> <!-- testKeyPresses -->
  <testcase classname="auto.testcases.TestLogin" name="testLoginWithInvalidUser" time="0.0">
    <ignored/>
  </testcase> <!-- testLoginWithInvalidUser -->
  <testcase classname="auto.testcases.TestWelcomePage" name="testWelcomePage" time="0.0">
    <ignored/>
  </testcase> <!-- testWelcomePage -->
  <testcase classname="auto.testcases.TestDynamicControls" name="testDynamicControlsRemove" time="0.0">
    <ignored/>
  </testcase> <!-- testDynamicControlsRemove -->
  <testcase classname="auto.testcases.TestChallengingDomPage" name="testChallengingPage" time="0.0">
    <ignored/>
  </testcase> <!-- testChallengingPage -->
  <testcase classname="auto.testcases.TestFileDownloader" name="testFrame" time="0.0">
    <ignored/>
  </testcase> <!-- testFrame -->
</testsuite> <!-- Smoke-Test -->
