<?xml version="1.0" encoding="UTF-8"?>
<testng-results total="1" passed="1" failed="0" skipped="0">
  <reporter-output>
  </reporter-output>
  <suite started-at="2018-06-22T15:15:57Z" name="Default suite" finished-at="2018-06-22T15:15:57Z" duration-ms="36">
    <groups>
    </groups>
    <test started-at="2018-06-22T15:15:57Z" name="Default test" finished-at="2018-06-22T15:15:57Z" duration-ms="36">
      <class name="com.mvnselfrmwrk.GetDatafromFile1">
        <test-method signature="readdata()[pri:0, instance:com.mvnselfrmwrk.GetDatafromFile1@757277dc]" started-at="2018-06-22T20:45:57Z" name="readdata" finished-at="2018-06-22T20:45:57Z" duration-ms="19" status="PASS">
          <reporter-output>
          </reporter-output>
        </test-method> <!-- readdata -->
      </class> <!-- com.mvnselfrmwrk.GetDatafromFile1 -->
    </test> <!-- Default test -->
  </suite> <!-- Default suite -->
</testng-results>
