<?xml version="1.0" encoding="UTF-8"?>
<testng-results total="1" passed="1" failed="0" skipped="0">
  <reporter-output>
  </reporter-output>
  <suite started-at="2018-05-06T15:19:19Z" name="com.mvnselfrmwrk.NewTest" finished-at="2018-05-06T15:19:30Z" duration-ms="11774">
    <groups>
    </groups>
    <test started-at="2018-05-06T15:19:19Z" name="Command line test" finished-at="2018-05-06T15:19:30Z" duration-ms="11774">
      <class name="com.mvnselfrmwrk.NewTest">
        <test-method signature="Test1()[pri:0, instance:com.mvnselfrmwrk.NewTest@5ccddd20]" started-at="2018-05-06T20:49:19Z" name="Test1" finished-at="2018-05-06T20:49:30Z" duration-ms="11766" status="PASS">
          <reporter-output>
          </reporter-output>
        </test-method> <!-- Test1 -->
      </class> <!-- com.mvnselfrmwrk.NewTest -->
    </test> <!-- Command line test -->
  </suite> <!-- com.mvnselfrmwrk.NewTest -->
</testng-results>
